Set AWB mode:  shade
Finding initial SS....
WB:  (Fraction(75, 64), Fraction(343, 256))
Exp: 25224	FR: 15.000000	 Capture Time: 0.640000
ss:      26871	x:  0.0252 br:   96	
Set up timelapser with: 
	maxtime :	-1
	maxshots:	720
	interval:	10
	Brightns:	100
	Size  :	2592 x 1944
Exp: 26831	FR: 15.000000	 Capture Time: 0.830000
SS:      26816	X:    0.030	BR:  101	Shots:     1
Exp: 26798	FR: 15.000000	 Capture Time: 0.840000
SS:      26694	X:    0.030	BR:  102	Shots:     2
Exp: 26668	FR: 15.000000	 Capture Time: 0.820000
SS:      26470	X:    0.030	BR:  104	Shots:     3
Exp: 26441	FR: 15.000000	 Capture Time: 0.820000
SS:      26212	X:    0.030	BR:  104	Shots:     4
Exp: 26181	FR: 15.000000	 Capture Time: 0.820000
SS:      25876	X:    0.030	BR:  106	Shots:     5
Exp: 25856	FR: 15.000000	 Capture Time: 0.820000
SS:      25504	X:    0.030	BR:  107	Shots:     6
Exp: 25498	FR: 15.000000	 Capture Time: 0.820000
SS:      25222	X:    0.030	BR:  105	Shots:     7
Exp: 25206	FR: 15.000000	 Capture Time: 0.820000
SS:      25035	X:    0.020	BR:  103	Shots:     8
Exp: 25011	FR: 15.000000	 Capture Time: 0.840000
SS:      24916	X:    0.020	BR:  102	Shots:     9
Exp: 24913	FR: 15.000000	 Capture Time: 0.820000
SS:      24832	X:    0.020	BR:  101	Shots:    10
Exp: 24816	FR: 15.000000	 Capture Time: 0.820000
SS:      24800	X:    0.020	BR:  100	Shots:    11
Exp: 24783	FR: 15.000000	 Capture Time: 0.820000
SS:      24859	X:    0.020	BR:   98	Shots:    12
Exp: 24848	FR: 15.000000	 Capture Time: 0.820000
SS:      24982	X:    0.020	BR:   97	Shots:    13
Exp: 24978	FR: 15.000000	 Capture Time: 0.820000
SS:      25189	X:    0.030	BR:   95	Shots:    14
Exp: 25173	FR: 15.000000	 Capture Time: 0.820000
SS:      25478	X:    0.030	BR:   94	Shots:    15
Exp: 25466	FR: 15.000000	 Capture Time: 0.820000
SS:      25837	X:    0.030	BR:   92	Shots:    16
Exp: 25823	FR: 15.000000	 Capture Time: 0.820000
SS:      26227	X:    0.030	BR:   92	Shots:    17
Exp: 26213	FR: 15.000000	 Capture Time: 0.820000
SS:      26420	X:    0.030	BR:   96	Shots:    18
Exp: 26408	FR: 15.000000	 Capture Time: 0.820000
SS:      26562	X:    0.030	BR:   97	Shots:    19
Exp: 26538	FR: 15.000000	 Capture Time: 0.820000
SS:      26673	X:    0.030	BR:   97	Shots:    20
Exp: 26668	FR: 15.000000	 Capture Time: 0.820000
SS:      26730	X:    0.030	BR:   98	Shots:    21
Exp: 26701	FR: 15.000000	 Capture Time: 0.820000
SS:      26695	X:    0.030	BR:  100	Shots:    22
Exp: 26668	FR: 15.000000	 Capture Time: 0.830000
SS:      26587	X:    0.030	BR:  102	Shots:    23
Exp: 26571	FR: 15.000000	 Capture Time: 0.820000
SS:      26477	X:    0.030	BR:  102	Shots:    24
Exp: 26473	FR: 15.000000	 Capture Time: 0.820000
SS:      26425	X:    0.030	BR:  100	Shots:    25
Exp: 26408	FR: 15.000000	 Capture Time: 0.820000
SS:      26362	X:    0.030	BR:  101	Shots:    26
Exp: 26343	FR: 15.000000	 Capture Time: 0.820000
SS:      26339	X:    0.030	BR:  100	Shots:    27
Exp: 26311	FR: 15.000000	 Capture Time: 0.820000
SS:      26377	X:    0.030	BR:   99	Shots:    28
Exp: 26376	FR: 15.000000	 Capture Time: 0.820000
SS:      26497	X:    0.030	BR:   97	Shots:    29
Exp: 26473	FR: 15.000000	 Capture Time: 0.820000
SS:      26719	X:    0.030	BR:   95	Shots:    30
Exp: 26701	FR: 15.000000	 Capture Time: 0.820000
SS:      27027	X:    0.030	BR:   94	Shots:    31
Exp: 27026	FR: 15.000000	 Capture Time: 0.820000
SS:      27434	X:    0.030	BR:   92	Shots:    32
Exp: 27416	FR: 15.000000	 Capture Time: 0.820000
SS:      27923	X:    0.030	BR:   91	Shots:    33
Exp: 27904	FR: 15.000000	 Capture Time: 0.820000
SS:      28434	X:    0.030	BR:   90	Shots:    34
Exp: 28424	FR: 15.000000	 Capture Time: 0.820000
SS:      29066	X:    0.030	BR:   88	Shots:    35
Exp: 29041	FR: 15.000000	 Capture Time: 0.820000
SS:      29809	X:    0.030	BR:   87	Shots:    36
Exp: 29789	FR: 15.000000	 Capture Time: 0.820000
SS:      30498	X:    0.030	BR:   88	Shots:    37
Exp: 30471	FR: 15.000000	 Capture Time: 0.820000
SS:      31302	X:    0.030	BR:   86	Shots:    38
Exp: 31284	FR: 15.000000	 Capture Time: 0.820000
SS:      31969	X:    0.030	BR:   89	Shots:    39
Exp: 31966	FR: 15.000000	 Capture Time: 0.820000
SS:      32299	X:    0.030	BR:   94	Shots:    40
Exp: 32291	FR: 15.000000	 Capture Time: 0.820000
SS:      32628	X:    0.030	BR:   94	Shots:    41
Exp: 32617	FR: 15.000000	 Capture Time: 0.820000
SS:      33169	X:    0.030	BR:   91	Shots:    42
Exp: 33169	FR: 15.000000	 Capture Time: 0.820000
SS:      33606	X:    0.030	BR:   93	Shots:    43
Exp: 33592	FR: 15.000000	 Capture Time: 0.820000
SS:      34128	X:    0.030	BR:   92	Shots:    44
Exp: 34112	FR: 15.000000	 Capture Time: 0.820000
SS:      34506	X:    0.030	BR:   94	Shots:    45
Exp: 34502	FR: 15.000000	 Capture Time: 0.820000
SS:      34958	X:    0.030	BR:   93	Shots:    46
Exp: 34957	FR: 15.000000	 Capture Time: 0.820000
SS:      35494	X:    0.040	BR:   92	Shots:    47
Exp: 35477	FR: 15.000000	 Capture Time: 0.820000
SS:      36187	X:    0.040	BR:   90	Shots:    48
Exp: 36159	FR: 15.000000	 Capture Time: 0.820000
SS:      36774	X:    0.040	BR:   91	Shots:    49
Exp: 36744	FR: 15.000000	 Capture Time: 0.820000
SS:      37349	X:    0.040	BR:   92	Shots:    50
Exp: 37329	FR: 15.000000	 Capture Time: 0.820000
SS:      38017	X:    0.040	BR:   91	Shots:    51
Exp: 38012	FR: 15.000000	 Capture Time: 0.820000
SS:      38768	X:    0.040	BR:   90	Shots:    52
Exp: 38760	FR: 15.000000	 Capture Time: 0.820000
SS:      39573	X:    0.040	BR:   89	Shots:    53
Exp: 39572	FR: 15.000000	 Capture Time: 0.820000
SS:      40345	X:    0.040	BR:   90	Shots:    54
Exp: 40320	FR: 15.000000	 Capture Time: 0.820000
SS:      41046	X:    0.040	BR:   91	Shots:    55
Exp: 41035	FR: 15.000000	 Capture Time: 0.820000
SS:      41705	X:    0.040	BR:   91	Shots:    56
Exp: 41685	FR: 15.000000	 Capture Time: 0.820000
SS:      42286	X:    0.040	BR:   93	Shots:    57
Exp: 42270	FR: 15.000000	 Capture Time: 0.820000
SS:      42767	X:    0.040	BR:   94	Shots:    58
Exp: 42757	FR: 15.000000	 Capture Time: 0.820000
SS:      43145	X:    0.040	BR:   95	Shots:    59
Exp: 43115	FR: 15.000000	 Capture Time: 0.820000
SS:      43547	X:    0.040	BR:   95	Shots:    60
Exp: 43538	FR: 15.000000	 Capture Time: 0.820000
SS:      43939	X:    0.040	BR:   95	Shots:    61
Exp: 43928	FR: 15.000000	 Capture Time: 0.820000
SS:      44276	X:    0.040	BR:   96	Shots:    62
Exp: 44253	FR: 15.000000	 Capture Time: 0.820000
SS:      44558	X:    0.040	BR:   96	Shots:    63
Exp: 44545	FR: 15.000000	 Capture Time: 0.820000
SS:      44807	X:    0.040	BR:   97	Shots:    64
Exp: 44805	FR: 15.000000	 Capture Time: 0.820000
SS:      45041	X:    0.040	BR:   97	Shots:    65
Exp: 45033	FR: 15.000000	 Capture Time: 0.820000
SS:      45256	X:    0.050	BR:   97	Shots:    66
Exp: 45228	FR: 15.000000	 Capture Time: 0.820000
SS:      45461	X:    0.050	BR:   97	Shots:    67
Exp: 45455	FR: 15.000000	 Capture Time: 0.820000
SS:      45650	X:    0.050	BR:   97	Shots:    68
Exp: 45650	FR: 15.000000	 Capture Time: 0.820000
SS:      45822	X:    0.050	BR:   98	Shots:    69
Exp: 45813	FR: 15.000000	 Capture Time: 0.820000
SS:      45958	X:    0.050	BR:   98	Shots:    70
Exp: 45943	FR: 15.000000	 Capture Time: 0.820000
SS:      46102	X:    0.050	BR:   98	Shots:    71
Exp: 46073	FR: 15.000000	 Capture Time: 0.820000
SS:      46230	X:    0.050	BR:   98	Shots:    72
Exp: 46203	FR: 15.000000	 Capture Time: 0.820000
SS:      46299	X:    0.050	BR:   99	Shots:    73
Exp: 46268	FR: 15.000000	 Capture Time: 0.820000
SS:      46276	X:    0.050	BR:  100	Shots:    74
Exp: 46268	FR: 15.000000	 Capture Time: 0.820000
SS:      46246	X:    0.050	BR:  100	Shots:    75
Exp: 46235	FR: 15.000000	 Capture Time: 0.820000
SS:      46209	X:    0.050	BR:  100	Shots:    76
Exp: 46203	FR: 15.000000	 Capture Time: 0.820000
SS:      46108	X:    0.050	BR:  101	Shots:    77
Exp: 46105	FR: 15.000000	 Capture Time: 0.820000
SS:      45991	X:    0.050	BR:  101	Shots:    78
Exp: 45975	FR: 15.000000	 Capture Time: 0.820000
SS:      45789	X:    0.050	BR:  102	Shots:    79
Exp: 45780	FR: 15.000000	 Capture Time: 0.820000
SS:      45656	X:    0.050	BR:  101	Shots:    80
Exp: 45650	FR: 15.000000	 Capture Time: 0.820000
SS:      45478	X:    0.050	BR:  101	Shots:    81
Exp: 45455	FR: 15.000000	 Capture Time: 0.820000
SS:      45247	X:    0.050	BR:  102	Shots:    82
Exp: 45228	FR: 15.000000	 Capture Time: 0.820000
SS:      45049	X:    0.040	BR:  102	Shots:    83
Exp: 45033	FR: 15.000000	 Capture Time: 0.820000
SS:      44963	X:    0.040	BR:  100	Shots:    84
Exp: 44935	FR: 15.000000	 Capture Time: 0.820000
SS:      44802	X:    0.040	BR:  101	Shots:    85
Exp: 44773	FR: 15.000000	 Capture Time: 0.820000
SS:      44522	X:    0.040	BR:  103	Shots:    86
Exp: 44513	FR: 15.000000	 Capture Time: 0.820000
SS:      44183	X:    0.040	BR:  103	Shots:    87
Exp: 44155	FR: 15.000000	 Capture Time: 0.820000
SS:      43886	X:    0.040	BR:  103	Shots:    88
Exp: 43863	FR: 15.000000	 Capture Time: 0.820000
SS:      43861	X:    0.040	BR:  100	Shots:    89
Exp: 43830	FR: 15.000000	 Capture Time: 0.820000
SS:      43903	X:    0.040	BR:   99	Shots:    90
Exp: 43895	FR: 15.000000	 Capture Time: 0.820000
SS:      43925	X:    0.040	BR:   99	Shots:    91
Exp: 43895	FR: 15.000000	 Capture Time: 0.820000
SS:      43942	X:    0.040	BR:   99	Shots:    92
Exp: 43928	FR: 15.000000	 Capture Time: 0.820000
SS:      43934	X:    0.040	BR:  100	Shots:    93
Exp: 43928	FR: 15.000000	 Capture Time: 0.820000
SS:      43902	X:    0.040	BR:  100	Shots:    94
Exp: 43895	FR: 15.000000	 Capture Time: 0.820000
SS:      43862	X:    0.040	BR:  100	Shots:    95
Exp: 43830	FR: 15.000000	 Capture Time: 0.820000
SS:      43800	X:    0.040	BR:  100	Shots:    96
Exp: 43798	FR: 15.000000	 Capture Time: 0.820000
SS:      43702	X:    0.040	BR:  101	Shots:    97
Exp: 43700	FR: 15.000000	 Capture Time: 0.820000
SS:      43476	X:    0.040	BR:  102	Shots:    98
Exp: 43473	FR: 15.000000	 Capture Time: 0.820000
SS:      43192	X:    0.040	BR:  103	Shots:    99
Exp: 43180	FR: 15.000000	 Capture Time: 0.820000
SS:      42939	X:    0.040	BR:  102	Shots:   100
Exp: 42920	FR: 15.000000	 Capture Time: 0.820000
SS:      42783	X:    0.040	BR:  101	Shots:   101
Exp: 42757	FR: 15.000000	 Capture Time: 0.820000
SS:      42707	X:    0.040	BR:  100	Shots:   102
Exp: 42692	FR: 15.000000	 Capture Time: 0.820000
SS:      42642	X:    0.040	BR:  100	Shots:   103
Exp: 42627	FR: 15.000000	 Capture Time: 0.820000
SS:      42653	X:    0.040	BR:   99	Shots:   104
Exp: 42627	FR: 15.000000	 Capture Time: 0.820000
SS:      42729	X:    0.040	BR:   99	Shots:   105
Exp: 42725	FR: 15.000000	 Capture Time: 0.820000
SS:      42814	X:    0.040	BR:   99	Shots:   106
Exp: 42790	FR: 15.000000	 Capture Time: 0.820000
SS:      42958	X:    0.040	BR:   98	Shots:   107
Exp: 42952	FR: 15.000000	 Capture Time: 0.820000
SS:      43083	X:    0.040	BR:   98	Shots:   108
Exp: 43082	FR: 15.000000	 Capture Time: 0.820000
SS:      43176	X:    0.040	BR:   98	Shots:   109
Exp: 43147	FR: 15.000000	 Capture Time: 0.820000
SS:      43217	X:    0.040	BR:   99	Shots:   110
Exp: 43212	FR: 15.000000	 Capture Time: 0.820000
SS:      43258	X:    0.040	BR:   99	Shots:   111
Exp: 43245	FR: 15.000000	 Capture Time: 0.820000
SS:      43275	X:    0.040	BR:   99	Shots:   112
Exp: 43245	FR: 15.000000	 Capture Time: 0.820000
SS:      43290	X:    0.040	BR:   99	Shots:   113
Exp: 43277	FR: 15.000000	 Capture Time: 0.820000
SS:      43316	X:    0.040	BR:   99	Shots:   114
Exp: 43310	FR: 15.000000	 Capture Time: 0.820000
SS:      43360	X:    0.040	BR:   99	Shots:   115
Exp: 43343	FR: 15.000000	 Capture Time: 0.820000
SS:      43440	X:    0.040	BR:   99	Shots:   116
Exp: 43440	FR: 15.000000	 Capture Time: 0.820000
SS:      43555	X:    0.040	BR:   98	Shots:   117
Exp: 43538	FR: 15.000000	 Capture Time: 0.820000
SS:      43718	X:    0.040	BR:   98	Shots:   118
Exp: 43700	FR: 15.000000	 Capture Time: 0.820000
SS:      43913	X:    0.040	BR:   97	Shots:   119
Exp: 43895	FR: 15.000000	 Capture Time: 0.820000
SS:      44148	X:    0.040	BR:   97	Shots:   120
Exp: 44123	FR: 15.000000	 Capture Time: 0.820000
SS:      44411	X:    0.040	BR:   97	Shots:   121
Exp: 44383	FR: 15.000000	 Capture Time: 0.820000
SS:      44670	X:    0.040	BR:   97	Shots:   122
Exp: 44643	FR: 15.000000	 Capture Time: 0.820000
SS:      44929	X:    0.040	BR:   97	Shots:   123
Exp: 44903	FR: 15.000000	 Capture Time: 0.820000
SS:      45205	X:    0.050	BR:   96	Shots:   124
Exp: 45195	FR: 15.000000	 Capture Time: 0.820000
SS:      45490	X:    0.050	BR:   96	Shots:   125
Exp: 45488	FR: 15.000000	 Capture Time: 0.820000
SS:      45799	X:    0.050	BR:   96	Shots:   126
Exp: 45780	FR: 15.000000	 Capture Time: 0.820000
SS:      46119	X:    0.050	BR:   96	Shots:   127
Exp: 46105	FR: 15.000000	 Capture Time: 0.820000
SS:      46440	X:    0.050	BR:   96	Shots:   128
Exp: 46430	FR: 15.000000	 Capture Time: 0.820000
SS:      46776	X:    0.050	BR:   96	Shots:   129
Exp: 46755	FR: 15.000000	 Capture Time: 0.820000
SS:      47122	X:    0.050	BR:   96	Shots:   130
Exp: 47113	FR: 15.000000	 Capture Time: 0.820000
SS:      47477	X:    0.050	BR:   96	Shots:   131
Exp: 47470	FR: 15.000000	 Capture Time: 0.820000
SS:      47833	X:    0.050	BR:   96	Shots:   132
Exp: 47828	FR: 15.000000	 Capture Time: 0.820000
SS:      48178	X:    0.050	BR:   96	Shots:   133
Exp: 48153	FR: 15.000000	 Capture Time: 0.820000
SS:      48524	X:    0.050	BR:   96	Shots:   134
Exp: 48510	FR: 15.000000	 Capture Time: 0.820000
SS:      48831	X:    0.050	BR:   96	Shots:   135
Exp: 48803	FR: 15.000000	 Capture Time: 0.820000
SS:      49140	X:    0.050	BR:   96	Shots:   136
Exp: 49128	FR: 15.000000	 Capture Time: 0.820000
SS:      49428	X:    0.050	BR:   97	Shots:   137
Exp: 49421	FR: 15.000000	 Capture Time: 0.820000
SS:      49708	X:    0.050	BR:   97	Shots:   138
Exp: 49681	FR: 15.000000	 Capture Time: 0.820000
SS:      49969	X:    0.050	BR:   97	Shots:   139
Exp: 49941	FR: 15.000000	 Capture Time: 0.820000
SS:      50215	X:    0.050	BR:   97	Shots:   140
Exp: 50201	FR: 15.000000	 Capture Time: 0.820000
SS:      50444	X:    0.050	BR:   97	Shots:   141
Exp: 50428	FR: 15.000000	 Capture Time: 0.820000
SS:      50645	X:    0.050	BR:   98	Shots:   142
Exp: 50623	FR: 15.000000	 Capture Time: 0.820000
SS:      50849	X:    0.050	BR:   97	Shots:   143
Exp: 50818	FR: 15.000000	 Capture Time: 0.820000
SS:      51034	X:    0.050	BR:   98	Shots:   144
Exp: 51013	FR: 15.000000	 Capture Time: 0.820000
SS:      51198	X:    0.050	BR:   98	Shots:   145
Exp: 51176	FR: 15.000000	 Capture Time: 0.820000
SS:      51360	X:    0.050	BR:   98	Shots:   146
Exp: 51338	FR: 15.000000	 Capture Time: 0.820000
SS:      51516	X:    0.050	BR:   98	Shots:   147
Exp: 51501	FR: 15.000000	 Capture Time: 0.820000
SS:      51666	X:    0.050	BR:   98	Shots:   148
Exp: 51663	FR: 15.000000	 Capture Time: 0.820000
SS:      51795	X:    0.050	BR:   98	Shots:   149
Exp: 51793	FR: 15.000000	 Capture Time: 0.820000
SS:      51927	X:    0.050	BR:   98	Shots:   150
Exp: 51923	FR: 15.000000	 Capture Time: 0.820000
SS:      52049	X:    0.050	BR:   98	Shots:   151
Exp: 52021	FR: 15.000000	 Capture Time: 0.820000
SS:      52165	X:    0.050	BR:   98	Shots:   152
Exp: 52151	FR: 15.000000	 Capture Time: 0.820000
SS:      52275	X:    0.050	BR:   98	Shots:   153
Exp: 52248	FR: 15.000000	 Capture Time: 0.820000
SS:      52361	X:    0.050	BR:   99	Shots:   154
Exp: 52346	FR: 15.000000	 Capture Time: 0.820000
SS:      52473	X:    0.050	BR:   98	Shots:   155
Exp: 52443	FR: 15.000000	 Capture Time: 0.820000
SS:      52589	X:    0.050	BR:   98	Shots:   156
Exp: 52573	FR: 15.000000	 Capture Time: 0.820000
SS:      52700	X:    0.050	BR:   98	Shots:   157
Exp: 52671	FR: 15.000000	 Capture Time: 0.820000
SS:      52805	X:    0.050	BR:   99	Shots:   158
Exp: 52801	FR: 15.000000	 Capture Time: 0.820000
SS:      52893	X:    0.050	BR:   99	Shots:   159
Exp: 52866	FR: 15.000000	 Capture Time: 0.820000
SS:      52965	X:    0.050	BR:   99	Shots:   160
Exp: 52963	FR: 15.000000	 Capture Time: 0.820000
SS:      53034	X:    0.050	BR:   99	Shots:   161
Exp: 53028	FR: 15.000000	 Capture Time: 0.820000
SS:      53091	X:    0.050	BR:   99	Shots:   162
Exp: 53061	FR: 15.000000	 Capture Time: 0.820000
SS:      53136	X:    0.050	BR:   99	Shots:   163
Exp: 53126	FR: 15.000000	 Capture Time: 0.820000
SS:      53171	X:    0.050	BR:   99	Shots:   164
Exp: 53158	FR: 15.000000	 Capture Time: 0.820000
SS:      53184	X:    0.050	BR:   99	Shots:   165
Exp: 53158	FR: 15.000000	 Capture Time: 0.820000
SS:      53215	X:    0.050	BR:   99	Shots:   166
Exp: 53191	FR: 15.000000	 Capture Time: 0.820000
SS:      53240	X:    0.050	BR:   99	Shots:   167
Exp: 53223	FR: 15.000000	 Capture Time: 0.820000
SS:      53254	X:    0.050	BR:   99	Shots:   168
Exp: 53223	FR: 15.000000	 Capture Time: 0.820000
SS:      53272	X:    0.050	BR:   99	Shots:   169
Exp: 53256	FR: 15.000000	 Capture Time: 0.820000
SS:      53301	X:    0.050	BR:   99	Shots:   170
Exp: 53288	FR: 15.000000	 Capture Time: 0.820000
SS:      53351	X:    0.050	BR:   99	Shots:   171
Exp: 53321	FR: 15.000000	 Capture Time: 0.820000
SS:      53420	X:    0.050	BR:   99	Shots:   172
Exp: 53418	FR: 15.000000	 Capture Time: 0.820000
SS:      53501	X:    0.050	BR:   99	Shots:   173
Exp: 53483	FR: 15.000000	 Capture Time: 0.820000
SS:      53576	X:    0.050	BR:   99	Shots:   174
Exp: 53548	FR: 15.000000	 Capture Time: 0.820000
SS:      53638	X:    0.050	BR:   99	Shots:   175
Exp: 53613	FR: 15.000000	 Capture Time: 0.820000
SS:      53735	X:    0.050	BR:   99	Shots:   176
Exp: 53711	FR: 15.000000	 Capture Time: 0.820000
SS:      53835	X:    0.050	BR:   99	Shots:   177
Exp: 53808	FR: 15.000000	 Capture Time: 0.820000
SS:      53933	X:    0.050	BR:   99	Shots:   178
Exp: 53906	FR: 15.000000	 Capture Time: 0.820000
SS:      54038	X:    0.050	BR:   99	Shots:   179
Exp: 54036	FR: 15.000000	 Capture Time: 0.820000
SS:      54114	X:    0.050	BR:   99	Shots:   180
Exp: 54101	FR: 15.000000	 Capture Time: 0.820000
SS:      54226	X:    0.050	BR:   98	Shots:   181
Exp: 54199	FR: 15.000000	 Capture Time: 0.820000
SS:      54334	X:    0.050	BR:   99	Shots:   182
Exp: 54329	FR: 15.000000	 Capture Time: 0.820000
SS:      54452	X:    0.050	BR:   98	Shots:   183
Exp: 54426	FR: 15.000000	 Capture Time: 0.820000
SS:      54572	X:    0.050	BR:   98	Shots:   184
Exp: 54556	FR: 15.000000	 Capture Time: 0.820000
SS:      54689	X:    0.050	BR:   98	Shots:   185
Exp: 54686	FR: 15.000000	 Capture Time: 0.820000
SS:      54822	X:    0.050	BR:   98	Shots:   186
Exp: 54816	FR: 15.000000	 Capture Time: 0.820000
SS:      54958	X:    0.050	BR:   98	Shots:   187
Exp: 54946	FR: 15.000000	 Capture Time: 0.820000
SS:      55103	X:    0.060	BR:   98	Shots:   188
Exp: 55076	FR: 15.000000	 Capture Time: 0.820000
SS:      55250	X:    0.060	BR:   98	Shots:   189
Exp: 55239	FR: 15.000000	 Capture Time: 0.820000
SS:      55396	X:    0.060	BR:   98	Shots:   190
Exp: 55369	FR: 15.000000	 Capture Time: 0.820000
SS:      55527	X:    0.060	BR:   98	Shots:   191
Exp: 55499	FR: 15.000000	 Capture Time: 0.820000
SS:      55671	X:    0.060	BR:   98	Shots:   192
Exp: 55661	FR: 15.000000	 Capture Time: 0.820000
SS:      55821	X:    0.060	BR:   98	Shots:   193
Exp: 55791	FR: 15.000000	 Capture Time: 0.820000
SS:      55964	X:    0.060	BR:   98	Shots:   194
Exp: 55954	FR: 15.000000	 Capture Time: 0.820000
SS:      56113	X:    0.060	BR:   98	Shots:   195
Exp: 56084	FR: 15.000000	 Capture Time: 0.820000
SS:      56264	X:    0.060	BR:   98	Shots:   196
Exp: 56246	FR: 15.000000	 Capture Time: 0.820000
SS:      56399	X:    0.060	BR:   98	Shots:   197
Exp: 56376	FR: 15.000000	 Capture Time: 0.820000
SS:      56543	X:    0.060	BR:   98	Shots:   198
Exp: 56539	FR: 15.000000	 Capture Time: 0.820000
SS:      56687	X:    0.060	BR:   98	Shots:   199
Exp: 56669	FR: 15.000000	 Capture Time: 0.820000
SS:      56830	X:    0.060	BR:   98	Shots:   200
Exp: 56799	FR: 15.000000	 Capture Time: 0.820000
SS:      56977	X:    0.060	BR:   98	Shots:   201
Exp: 56961	FR: 15.000000	 Capture Time: 0.820000
SS:      57120	X:    0.060	BR:   98	Shots:   202
Exp: 57091	FR: 15.000000	 Capture Time: 0.820000
SS:      57259	X:    0.060	BR:   98	Shots:   203
Exp: 57254	FR: 15.000000	 Capture Time: 0.820000
SS:      57395	X:    0.060	BR:   98	Shots:   204
Exp: 57384	FR: 15.000000	 Capture Time: 0.820000
SS:      57535	X:    0.060	BR:   98	Shots:   205
Exp: 57514	FR: 15.000000	 Capture Time: 0.820000
SS:      57669	X:    0.060	BR:   98	Shots:   206
Exp: 57644	FR: 15.000000	 Capture Time: 0.820000
SS:      57806	X:    0.060	BR:   98	Shots:   207
Exp: 57806	FR: 15.000000	 Capture Time: 0.820000
SS:      57936	X:    0.060	BR:   98	Shots:   208
Exp: 57936	FR: 15.000000	 Capture Time: 0.820000
SS:      58063	X:    0.060	BR:   98	Shots:   209
Exp: 58034	FR: 15.000000	 Capture Time: 0.820000
SS:      58191	X:    0.060	BR:   98	Shots:   210
Exp: 58164	FR: 15.000000	 Capture Time: 0.820000
SS:      58310	X:    0.060	BR:   98	Shots:   211
Exp: 58294	FR: 15.000000	 Capture Time: 0.820000
SS:      58422	X:    0.060	BR:   99	Shots:   212
Exp: 58391	FR: 15.000000	 Capture Time: 0.820000
SS:      58532	X:    0.060	BR:   99	Shots:   213
Exp: 58521	FR: 15.000000	 Capture Time: 0.820000
SS:      58636	X:    0.060	BR:   99	Shots:   214
Exp: 58619	FR: 15.000000	 Capture Time: 0.820000
SS:      58741	X:    0.060	BR:   99	Shots:   215
Exp: 58716	FR: 15.000000	 Capture Time: 0.820000
SS:      58841	X:    0.060	BR:   99	Shots:   216
Exp: 58814	FR: 15.000000	 Capture Time: 0.820000
SS:      58940	X:    0.060	BR:   99	Shots:   217
Exp: 58911	FR: 15.000000	 Capture Time: 0.820000
SS:      59036	X:    0.060	BR:   99	Shots:   218
Exp: 59009	FR: 15.000000	 Capture Time: 0.820000
SS:      59137	X:    0.060	BR:   99	Shots:   219
Exp: 59106	FR: 15.000000	 Capture Time: 0.820000
SS:      59231	X:    0.060	BR:   99	Shots:   220
Exp: 59204	FR: 15.000000	 Capture Time: 0.820000
SS:      59290	X:    0.060	BR:   99	Shots:   221
Exp: 59269	FR: 15.000000	 Capture Time: 0.820000
SS:      59404	X:    0.060	BR:   99	Shots:   222
Exp: 59399	FR: 15.000000	 Capture Time: 0.820000
SS:      59513	X:    0.060	BR:   99	Shots:   223
Exp: 59496	FR: 15.000000	 Capture Time: 0.820000
SS:      59622	X:    0.060	BR:   99	Shots:   224
Exp: 59594	FR: 15.000000	 Capture Time: 0.820000
SS:      59743	X:    0.060	BR:   98	Shots:   225
Exp: 59724	FR: 15.000000	 Capture Time: 0.820000
SS:      59869	X:    0.060	BR:   98	Shots:   226
Exp: 59854	FR: 15.000000	 Capture Time: 0.820000
SS:      60000	X:    0.060	BR:   98	Shots:   227
Exp: 59984	FR: 15.000000	 Capture Time: 0.820000
SS:      60134	X:    0.060	BR:   98	Shots:   228
Exp: 60114	FR: 15.000000	 Capture Time: 0.820000
SS:      60280	X:    0.060	BR:   98	Shots:   229
Exp: 60277	FR: 15.000000	 Capture Time: 0.820000
SS:      60426	X:    0.060	BR:   98	Shots:   230
Exp: 60407	FR: 15.000000	 Capture Time: 0.820000
SS:      60581	X:    0.060	BR:   98	Shots:   231
Exp: 60569	FR: 15.000000	 Capture Time: 0.820000
SS:      60746	X:    0.060	BR:   98	Shots:   232
Exp: 60732	FR: 15.000000	 Capture Time: 0.820000
SS:      60924	X:    0.060	BR:   98	Shots:   233
Exp: 60894	FR: 15.000000	 Capture Time: 0.820000
SS:      61118	X:    0.060	BR:   98	Shots:   234
Exp: 61089	FR: 15.000000	 Capture Time: 0.820000
SS:      61313	X:    0.060	BR:   98	Shots:   235
Exp: 61284	FR: 15.000000	 Capture Time: 0.820000
SS:      61517	X:    0.060	BR:   98	Shots:   236
Exp: 61512	FR: 15.000000	 Capture Time: 0.820000
SS:      61731	X:    0.060	BR:   98	Shots:   237
Exp: 61707	FR: 15.000000	 Capture Time: 0.820000
SS:      61959	X:    0.060	BR:   98	Shots:   238
Exp: 61934	FR: 15.000000	 Capture Time: 0.820000
SS:      62189	X:    0.060	BR:   98	Shots:   239
Exp: 62162	FR: 15.000000	 Capture Time: 0.820000
SS:      62443	X:    0.060	BR:   97	Shots:   240
Exp: 62422	FR: 15.000000	 Capture Time: 0.820000
SS:      62713	X:    0.060	BR:   97	Shots:   241
Exp: 62682	FR: 15.000000	 Capture Time: 0.820000
SS:      63003	X:    0.060	BR:   97	Shots:   242
Exp: 62974	FR: 15.000000	 Capture Time: 0.820000
SS:      63303	X:    0.060	BR:   97	Shots:   243
Exp: 63299	FR: 15.000000	 Capture Time: 0.820000
SS:      63608	X:    0.060	BR:   97	Shots:   244
Exp: 63592	FR: 15.000000	 Capture Time: 0.820000
SS:      63910	X:    0.060	BR:   97	Shots:   245
Exp: 63884	FR: 15.000000	 Capture Time: 0.820000
SS:      64239	X:    0.060	BR:   97	Shots:   246
Exp: 64209	FR: 15.000000	 Capture Time: 0.820000
SS:      64577	X:    0.060	BR:   97	Shots:   247
Exp: 64567	FR: 15.000000	 Capture Time: 0.820000
SS:      64926	X:    0.060	BR:   97	Shots:   248
Exp: 64924	FR: 15.000000	 Capture Time: 0.820000
SS:      65273	X:    0.070	BR:   97	Shots:   249
Exp: 65250	FR: 15.000000	 Capture Time: 0.820000
SS:      65645	X:    0.070	BR:   97	Shots:   250
Exp: 65640	FR: 15.000000	 Capture Time: 0.820000
SS:      66017	X:    0.070	BR:   97	Shots:   251
Exp: 65997	FR: 15.000000	 Capture Time: 0.820000
SS:      66396	X:    0.070	BR:   97	Shots:   252
Exp: 66387	FR: 15.000000	 Capture Time: 0.820000
SS:      66779	X:    0.070	BR:   97	Shots:   253
Exp: 66452	FR: 14.970000	 Capture Time: 0.820000
SS:      67204	X:    0.070	BR:   96	Shots:   254
Exp: 66550	FR: 14.880000	 Capture Time: 0.810000
SS:      67550	X:    0.070	BR:   97	Shots:   255
Exp: 66972	FR: 14.800000	 Capture Time: 0.820000
SS:      67988	X:    0.070	BR:   96	Shots:   256
Exp: 67330	FR: 14.710000	 Capture Time: 0.820000
SS:      68470	X:    0.070	BR:   96	Shots:   257
Exp: 67752	FR: 14.600000	 Capture Time: 0.830000
SS:      68960	X:    0.070	BR:   96	Shots:   258
Exp: 68272	FR: 14.500000	 Capture Time: 0.830000
SS:      69443	X:    0.070	BR:   96	Shots:   259
Exp: 68727	FR: 14.400000	 Capture Time: 0.830000
SS:      69895	X:    0.070	BR:   96	Shots:   260
Exp: 69215	FR: 14.310000	 Capture Time: 0.830000
SS:      70355	X:    0.070	BR:   96	Shots:   261
Exp: 69670	FR: 14.210000	 Capture Time: 0.830000
SS:      70821	X:    0.070	BR:   96	Shots:   262
Exp: 70125	FR: 14.120000	 Capture Time: 0.820000
SS:      71262	X:    0.070	BR:   96	Shots:   263
Exp: 70613	FR: 14.030000	 Capture Time: 0.820000
SS:      71725	X:    0.070	BR:   96	Shots:   264
Exp: 71035	FR: 13.940000	 Capture Time: 0.820000
SS:      72183	X:    0.070	BR:   96	Shots:   265
Exp: 71490	FR: 13.850000	 Capture Time: 0.820000
SS:      72625	X:    0.070	BR:   96	Shots:   266
Exp: 71978	FR: 13.770000	 Capture Time: 0.820000
SS:      73063	X:    0.070	BR:   96	Shots:   267
Exp: 72433	FR: 13.690000	 Capture Time: 0.820000
SS:      73500	X:    0.070	BR:   97	Shots:   268
Exp: 72855	FR: 13.610000	 Capture Time: 0.830000
SS:      73935	X:    0.070	BR:   97	Shots:   269
Exp: 73278	FR: 13.530000	 Capture Time: 0.830000
SS:      74380	X:    0.070	BR:   96	Shots:   270
Exp: 73733	FR: 13.440000	 Capture Time: 0.830000
SS:      74807	X:    0.070	BR:   97	Shots:   271
Exp: 74155	FR: 13.370000	 Capture Time: 0.840000
SS:      75232	X:    0.080	BR:   97	Shots:   272
Exp: 74578	FR: 13.290000	 Capture Time: 0.840000
SS:      75622	X:    0.080	BR:   97	Shots:   273
Exp: 75033	FR: 13.220000	 Capture Time: 0.840000
SS:      76041	X:    0.080	BR:   97	Shots:   274
Exp: 75390	FR: 13.150000	 Capture Time: 0.850000
SS:      76470	X:    0.080	BR:   97	Shots:   275
Exp: 75813	FR: 13.080000	 Capture Time: 0.850000
SS:      76893	X:    0.080	BR:   97	Shots:   276
Exp: 76268	FR: 13.010000	 Capture Time: 0.850000
SS:      77307	X:    0.080	BR:   97	Shots:   277
Exp: 76658	FR: 12.940000	 Capture Time: 0.870000
SS:      77722	X:    0.080	BR:   97	Shots:   278
Exp: 77081	FR: 12.870000	 Capture Time: 0.860000
SS:      78138	X:    0.080	BR:   97	Shots:   279
Exp: 77503	FR: 12.800000	 Capture Time: 0.870000
SS:      78553	X:    0.080	BR:   97	Shots:   280
Exp: 77926	FR: 12.730000	 Capture Time: 0.870000
SS:      78935	X:    0.080	BR:   97	Shots:   281
Exp: 78348	FR: 12.670000	 Capture Time: 0.870000
SS:      79335	X:    0.080	BR:   97	Shots:   282
Exp: 78706	FR: 12.600000	 Capture Time: 0.870000
SS:      79729	X:    0.080	BR:   97	Shots:   283
Exp: 79128	FR: 12.540000	 Capture Time: 0.880000
SS:      80155	X:    0.080	BR:   97	Shots:   284
Exp: 79518	FR: 12.480000	 Capture Time: 0.880000
SS:      80566	X:    0.080	BR:   97	Shots:   285
Exp: 79941	FR: 12.410000	 Capture Time: 0.880000
SS:      80997	X:    0.080	BR:   97	Shots:   286
Exp: 80363	FR: 12.350000	 Capture Time: 0.890000
SS:      81419	X:    0.080	BR:   97	Shots:   287
Exp: 80786	FR: 12.280000	 Capture Time: 0.890000
SS:      81879	X:    0.080	BR:   97	Shots:   288
Exp: 81208	FR: 12.210000	 Capture Time: 0.890000
SS:      82335	X:    0.080	BR:   97	Shots:   289
Exp: 81664	FR: 12.150000	 Capture Time: 0.900000
SS:      82733	X:    0.080	BR:   97	Shots:   290
Exp: 82119	FR: 12.090000	 Capture Time: 0.900000
SS:      83174	X:    0.080	BR:   97	Shots:   291
Exp: 82509	FR: 12.020000	 Capture Time: 0.900000
SS:      83627	X:    0.080	BR:   97	Shots:   292
Exp: 82964	FR: 11.960000	 Capture Time: 0.910000
SS:      84084	X:    0.080	BR:   97	Shots:   293
Exp: 83419	FR: 11.890000	 Capture Time: 0.910000
SS:      84577	X:    0.080	BR:   97	Shots:   294
Exp: 83874	FR: 11.820000	 Capture Time: 0.860000
SS:      85075	X:    0.090	BR:   97	Shots:   295
Exp: 84361	FR: 11.750000	 Capture Time: 0.870000
SS:      85527	X:    0.090	BR:   97	Shots:   296
Exp: 84849	FR: 11.690000	 Capture Time: 0.870000
SS:      85991	X:    0.090	BR:   97	Shots:   297
Exp: 85304	FR: 11.630000	 Capture Time: 0.870000
SS:      86513	X:    0.090	BR:   96	Shots:   298
Exp: 85759	FR: 11.560000	 Capture Time: 0.870000
SS:      87047	X:    0.090	BR:   96	Shots:   299
Exp: 86279	FR: 11.490000	 Capture Time: 0.880000
SS:      87582	X:    0.090	BR:   96	Shots:   300
Exp: 86832	FR: 11.420000	 Capture Time: 0.880000
SS:      88124	X:    0.090	BR:   96	Shots:   301
Exp: 87384	FR: 11.350000	 Capture Time: 0.880000
SS:      88659	X:    0.090	BR:   96	Shots:   302
Exp: 87937	FR: 11.280000	 Capture Time: 0.880000
SS:      89195	X:    0.090	BR:   96	Shots:   303
Exp: 88457	FR: 11.210000	 Capture Time: 0.880000
SS:      89740	X:    0.090	BR:   96	Shots:   304
Exp: 88977	FR: 11.140000	 Capture Time: 0.870000
SS:      90290	X:    0.090	BR:   96	Shots:   305
Exp: 89529	FR: 11.080000	 Capture Time: 0.910000
SS:      90782	X:    0.090	BR:   97	Shots:   306
Exp: 90082	FR: 11.020000	 Capture Time: 0.920000
SS:      91358	X:    0.090	BR:   96	Shots:   307
Exp: 90569	FR: 10.950000	 Capture Time: 0.920000
SS:      91949	X:    0.090	BR:   96	Shots:   308
Exp: 91122	FR: 10.880000	 Capture Time: 0.920000
SS:      92555	X:    0.090	BR:   96	Shots:   309
Exp: 91739	FR: 10.800000	 Capture Time: 0.920000
SS:      93163	X:    0.090	BR:   96	Shots:   310
Exp: 92357	FR: 10.730000	 Capture Time: 0.920000
SS:      93782	X:    0.090	BR:   96	Shots:   311
Exp: 92975	FR: 10.660000	 Capture Time: 0.930000
SS:      94405	X:    0.090	BR:   96	Shots:   312
Exp: 93592	FR: 10.590000	 Capture Time: 0.930000
SS:      95046	X:    0.100	BR:   96	Shots:   313
Exp: 94210	FR: 10.520000	 Capture Time: 0.930000
SS:      95695	X:    0.100	BR:   96	Shots:   314
Exp: 94827	FR: 10.450000	 Capture Time: 0.930000
SS:      96354	X:    0.100	BR:   96	Shots:   315
Exp: 95477	FR: 10.380000	 Capture Time: 0.910000
SS:      97012	X:    0.100	BR:   96	Shots:   316
Exp: 96160	FR: 10.310000	 Capture Time: 0.920000
SS:      97686	X:    0.100	BR:   96	Shots:   317
Exp: 96810	FR: 10.240000	 Capture Time: 0.920000
SS:      98361	X:    0.100	BR:   96	Shots:   318
Exp: 97493	FR: 10.170000	 Capture Time: 0.930000
SS:      99039	X:    0.100	BR:   96	Shots:   319
Exp: 98143	FR: 10.100000	 Capture Time: 0.930000
SS:      99731	X:    0.100	BR:   96	Shots:   320
Exp: 98858	FR: 10.030000	 Capture Time: 0.940000
SS:     100456	X:    0.100	BR:   96	Shots:   321
Exp: 99540	FR: 9.950000	 Capture Time: 0.940000
SS:     101138	X:    0.100	BR:   96	Shots:   322
Exp: 100255	FR: 9.890000	 Capture Time: 0.950000
SS:     101784	X:    0.100	BR:   96	Shots:   323
Exp: 100905	FR: 9.820000	 Capture Time: 0.950000
SS:     102524	X:    0.100	BR:   96	Shots:   324
Exp: 101555	FR: 9.750000	 Capture Time: 0.960000
SS:     103259	X:    0.100	BR:   96	Shots:   325
Exp: 102335	FR: 9.680000	 Capture Time: 0.970000
SS:     103985	X:    0.100	BR:   96	Shots:   326
Exp: 103051	FR: 9.620000	 Capture Time: 0.970000
SS:     104708	X:    0.100	BR:   96	Shots:   327
Exp: 103798	FR: 9.550000	 Capture Time: 0.970000
SS:     105429	X:    0.110	BR:   96	Shots:   328
Exp: 104513	FR: 9.490000	 Capture Time: 0.980000
SS:     106134	X:    0.110	BR:   96	Shots:   329
Exp: 105196	FR: 9.420000	 Capture Time: 0.980000
SS:     106857	X:    0.110	BR:   96	Shots:   330
Exp: 105911	FR: 9.360000	 Capture Time: 0.990000
SS:     107561	X:    0.110	BR:   96	Shots:   331
Exp: 106658	FR: 9.300000	 Capture Time: 0.990000
SS:     108220	X:    0.110	BR:   96	Shots:   332
Exp: 107341	FR: 9.240000	 Capture Time: 1.000000
SS:     108911	X:    0.110	BR:   96	Shots:   333
Exp: 108023	FR: 9.180000	 Capture Time: 1.000000
SS:     109618	X:    0.110	BR:   96	Shots:   334
Exp: 108706	FR: 9.120000	 Capture Time: 1.010000
SS:     110332	X:    0.110	BR:   96	Shots:   335
Exp: 109421	FR: 9.060000	 Capture Time: 1.010000
SS:     111037	X:    0.110	BR:   96	Shots:   336
Exp: 110104	FR: 9.010000	 Capture Time: 1.020000
SS:     111731	X:    0.110	BR:   96	Shots:   337
Exp: 110851	FR: 8.950000	 Capture Time: 1.020000
SS:     112394	X:    0.110	BR:   97	Shots:   338
Exp: 111501	FR: 8.900000	 Capture Time: 1.030000
SS:     113105	X:    0.110	BR:   96	Shots:   339
Exp: 112216	FR: 8.840000	 Capture Time: 1.030000
SS:     113810	X:    0.110	BR:   96	Shots:   340
Exp: 112899	FR: 8.790000	 Capture Time: 1.030000
SS:     114519	X:    0.110	BR:   96	Shots:   341
Exp: 113614	FR: 8.730000	 Capture Time: 1.040000
SS:     115125	X:    0.120	BR:   97	Shots:   342
Exp: 114329	FR: 8.690000	 Capture Time: 1.040000
SS:     115840	X:    0.120	BR:   96	Shots:   343
Exp: 114947	FR: 8.630000	 Capture Time: 1.050000
SS:     116548	X:    0.120	BR:   96	Shots:   344
Exp: 115662	FR: 8.580000	 Capture Time: 1.050000
SS:     117293	X:    0.120	BR:   96	Shots:   345
Exp: 116344	FR: 8.530000	 Capture Time: 1.060000
SS:     117989	X:    0.120	BR:   97	Shots:   346
Exp: 117092	FR: 8.480000	 Capture Time: 1.060000
SS:     118734	X:    0.120	BR:   96	Shots:   347
Exp: 117807	FR: 8.420000	 Capture Time: 1.070000
SS:     119457	X:    0.120	BR:   96	Shots:   348
Exp: 118522	FR: 8.370000	 Capture Time: 1.070000
SS:     120187	X:    0.120	BR:   96	Shots:   349
Exp: 119237	FR: 8.320000	 Capture Time: 1.080000
SS:     120907	X:    0.120	BR:   97	Shots:   350
Exp: 119952	FR: 8.270000	 Capture Time: 1.080000
SS:     121540	X:    0.120	BR:   97	Shots:   351
Exp: 120700	FR: 8.230000	 Capture Time: 1.090000
SS:     122169	X:    0.120	BR:   97	Shots:   352
Exp: 121317	FR: 8.190000	 Capture Time: 1.090000
SS:     122855	X:    0.120	BR:   97	Shots:   353
Exp: 121967	FR: 8.140000	 Capture Time: 1.100000
SS:     123471	X:    0.120	BR:   97	Shots:   354
Exp: 122682	FR: 8.100000	 Capture Time: 1.100000
SS:     124171	X:    0.120	BR:   97	Shots:   355
Exp: 123267	FR: 8.050000	 Capture Time: 1.110000
SS:     124885	X:    0.120	BR:   97	Shots:   356
Exp: 123982	FR: 8.010000	 Capture Time: 1.110000
SS:     125601	X:    0.130	BR:   97	Shots:   357
Exp: 124698	FR: 7.960000	 Capture Time: 1.120000
SS:     126303	X:    0.130	BR:   97	Shots:   358
Exp: 125380	FR: 7.920000	 Capture Time: 1.120000
SS:     127012	X:    0.130	BR:   97	Shots:   359
Exp: 126128	FR: 7.870000	 Capture Time: 1.010000
SS:     127732	X:    0.130	BR:   97	Shots:   360
Exp: 126810	FR: 7.830000	 Capture Time: 1.060000
SS:     128451	X:    0.130	BR:   97	Shots:   361
Exp: 127525	FR: 7.790000	 Capture Time: 1.060000
SS:     129144	X:    0.130	BR:   97	Shots:   362
Exp: 128273	FR: 7.740000	 Capture Time: 1.070000
SS:     129918	X:    0.130	BR:   97	Shots:   363
Exp: 128923	FR: 7.700000	 Capture Time: 1.070000
SS:     130707	X:    0.130	BR:   96	Shots:   364
Exp: 129735	FR: 7.650000	 Capture Time: 1.070000
SS:     131482	X:    0.130	BR:   97	Shots:   365
Exp: 130516	FR: 7.610000	 Capture Time: 1.080000
SS:     132238	X:    0.130	BR:   97	Shots:   366
Exp: 131263	FR: 7.560000	 Capture Time: 1.090000
SS:     132948	X:    0.130	BR:   97	Shots:   367
Exp: 132076	FR: 7.520000	 Capture Time: 1.080000
SS:     133742	X:    0.130	BR:   97	Shots:   368
Exp: 132758	FR: 7.480000	 Capture Time: 1.060000
SS:     134541	X:    0.130	BR:   97	Shots:   369
Exp: 133538	FR: 7.430000	 Capture Time: 1.060000
SS:     135366	X:    0.140	BR:   96	Shots:   370
Exp: 134383	FR: 7.390000	 Capture Time: 1.070000
SS:     136212	X:    0.140	BR:   96	Shots:   371
Exp: 135163	FR: 7.340000	 Capture Time: 1.070000
SS:     137015	X:    0.140	BR:   97	Shots:   372
Exp: 136009	FR: 7.300000	 Capture Time: 1.070000
SS:     137866	X:    0.140	BR:   96	Shots:   373
Exp: 136821	FR: 7.250000	 Capture Time: 1.080000
SS:     138709	X:    0.140	BR:   96	Shots:   374
Exp: 137699	FR: 7.210000	 Capture Time: 1.080000
SS:     139629	X:    0.140	BR:   96	Shots:   375
Exp: 138511	FR: 7.160000	 Capture Time: 1.080000
SS:     140499	X:    0.140	BR:   96	Shots:   376
Exp: 139421	FR: 7.120000	 Capture Time: 1.110000
SS:     141411	X:    0.140	BR:   96	Shots:   377
Exp: 140266	FR: 7.070000	 Capture Time: 1.120000
SS:     142400	X:    0.140	BR:   96	Shots:   378
Exp: 141209	FR: 7.020000	 Capture Time: 1.120000
SS:     143390	X:    0.140	BR:   96	Shots:   379
Exp: 142217	FR: 6.970000	 Capture Time: 1.130000
SS:     144395	X:    0.140	BR:   96	Shots:   380
Exp: 143192	FR: 6.930000	 Capture Time: 1.130000
SS:     145390	X:    0.150	BR:   96	Shots:   381
Exp: 144232	FR: 6.880000	 Capture Time: 1.130000
SS:     146343	X:    0.150	BR:   96	Shots:   382
Exp: 145239	FR: 6.830000	 Capture Time: 1.130000
SS:     147360	X:    0.150	BR:   96	Shots:   383
Exp: 146149	FR: 6.790000	 Capture Time: 1.120000
SS:     148352	X:    0.150	BR:   96	Shots:   384
Exp: 147157	FR: 6.740000	 Capture Time: 1.130000
SS:     149443	X:    0.150	BR:   96	Shots:   385
Exp: 148165	FR: 6.690000	 Capture Time: 1.140000
SS:     150533	X:    0.150	BR:   96	Shots:   386
Exp: 149205	FR: 6.640000	 Capture Time: 1.140000
SS:     151495	X:    0.150	BR:   96	Shots:   387
Exp: 150375	FR: 6.600000	 Capture Time: 1.150000
SS:     152621	X:    0.150	BR:   96	Shots:   388
Exp: 151350	FR: 6.550000	 Capture Time: 1.150000
SS:     153655	X:    0.150	BR:   96	Shots:   389
Exp: 152423	FR: 6.510000	 Capture Time: 1.170000
SS:     154904	X:    0.150	BR:   95	Shots:   390
Exp: 153430	FR: 6.460000	 Capture Time: 1.180000
SS:     156195	X:    0.160	BR:   95	Shots:   391
Exp: 154730	FR: 6.400000	 Capture Time: 1.180000
SS:     157393	X:    0.160	BR:   96	Shots:   392
Exp: 156063	FR: 6.350000	 Capture Time: 1.180000
SS:     158704	X:    0.160	BR:   95	Shots:   393
Exp: 157201	FR: 6.300000	 Capture Time: 1.190000
SS:     160077	X:    0.160	BR:   95	Shots:   394
Exp: 158468	FR: 6.250000	 Capture Time: 1.200000
SS:     161500	X:    0.160	BR:   95	Shots:   395
Exp: 159866	FR: 6.190000	 Capture Time: 1.210000
SS:     162926	X:    0.160	BR:   95	Shots:   396
Exp: 161296	FR: 6.140000	 Capture Time: 1.220000
SS:     164371	X:    0.160	BR:   95	Shots:   397
Exp: 162726	FR: 6.080000	 Capture Time: 1.220000
SS:     165836	X:    0.170	BR:   95	Shots:   398
Exp: 164189	FR: 6.030000	 Capture Time: 1.230000
SS:     167238	X:    0.170	BR:   95	Shots:   399
Exp: 165684	FR: 5.980000	 Capture Time: 1.240000
SS:     168675	X:    0.170	BR:   95	Shots:   400
Exp: 167081	FR: 5.930000	 Capture Time: 1.250000
SS:     170175	X:    0.170	BR:   95	Shots:   401
Exp: 168512	FR: 5.880000	 Capture Time: 1.260000
SS:     171709	X:    0.170	BR:   95	Shots:   402
Exp: 169974	FR: 5.820000	 Capture Time: 1.270000
SS:     173301	X:    0.170	BR:   95	Shots:   403
Exp: 171599	FR: 5.770000	 Capture Time: 1.280000
SS:     174797	X:    0.170	BR:   95	Shots:   404
Exp: 173094	FR: 5.720000	 Capture Time: 1.290000
SS:     176460	X:    0.180	BR:   95	Shots:   405
Exp: 174622	FR: 5.670000	 Capture Time: 1.300000
SS:     178184	X:    0.180	BR:   95	Shots:   406
Exp: 176312	FR: 5.610000	 Capture Time: 1.310000
SS:     179954	X:    0.180	BR:   95	Shots:   407
Exp: 178035	FR: 5.560000	 Capture Time: 1.320000
SS:     181684	X:    0.180	BR:   95	Shots:   408
Exp: 179790	FR: 5.500000	 Capture Time: 1.330000
SS:     183401	X:    0.180	BR:   95	Shots:   409
Exp: 181448	FR: 5.450000	 Capture Time: 1.340000
SS:     185267	X:    0.190	BR:   94	Shots:   410
Exp: 183300	FR: 5.400000	 Capture Time: 1.350000
SS:     187085	X:    0.190	BR:   95	Shots:   411
Exp: 185153	FR: 5.350000	 Capture Time: 1.360000
SS:     188943	X:    0.190	BR:   95	Shots:   412
Exp: 186908	FR: 5.290000	 Capture Time: 1.370000
SS:     190710	X:    0.190	BR:   95	Shots:   413
Exp: 188826	FR: 5.240000	 Capture Time: 1.380000
SS:     192471	X:    0.190	BR:   95	Shots:   414
Exp: 190549	FR: 5.200000	 Capture Time: 1.390000
SS:     194352	X:    0.190	BR:   95	Shots:   415
Exp: 192239	FR: 5.150000	 Capture Time: 1.400000
SS:     196282	X:    0.200	BR:   95	Shots:   416
Exp: 194156	FR: 5.090000	 Capture Time: 1.420000
SS:     198184	X:    0.200	BR:   95	Shots:   417
Exp: 196107	FR: 5.050000	 Capture Time: 1.430000
SS:     200196	X:    0.200	BR:   94	Shots:   418
Exp: 198057	FR: 5.000000	 Capture Time: 1.440000
SS:     202349	X:    0.200	BR:   94	Shots:   419
Exp: 200072	FR: 4.940000	 Capture Time: 1.450000
SS:     204343	X:    0.200	BR:   95	Shots:   420
Exp: 202152	FR: 4.890000	 Capture Time: 1.470000
SS:     206512	X:    0.210	BR:   94	Shots:   421
Exp: 204232	FR: 4.840000	 Capture Time: 1.480000
SS:     208592	X:    0.210	BR:   94	Shots:   422
Exp: 206378	FR: 4.790000	 Capture Time: 1.490000
SS:     210818	X:    0.210	BR:   94	Shots:   423
Exp: 208425	FR: 4.740000	 Capture Time: 1.500000
SS:     213081	X:    0.210	BR:   94	Shots:   424
Exp: 210635	FR: 4.690000	 Capture Time: 1.520000
SS:     215347	X:    0.220	BR:   94	Shots:   425
Exp: 212943	FR: 4.640000	 Capture Time: 1.530000
SS:     217607	X:    0.220	BR:   94	Shots:   426
Exp: 215251	FR: 4.600000	 Capture Time: 1.550000
SS:     219734	X:    0.220	BR:   95	Shots:   427
Exp: 217461	FR: 4.550000	 Capture Time: 1.560000
SS:     221969	X:    0.220	BR:   94	Shots:   428
Exp: 219509	FR: 4.510000	 Capture Time: 1.570000
SS:     224090	X:    0.220	BR:   95	Shots:   429
Exp: 221816	FR: 4.460000	 Capture Time: 1.580000
SS:     226428	X:    0.230	BR:   94	Shots:   430
Exp: 223929	FR: 4.420000	 Capture Time: 1.600000
SS:     228858	X:    0.230	BR:   94	Shots:   431
Exp: 226334	FR: 4.370000	 Capture Time: 1.610000
SS:     231232	X:    0.230	BR:   94	Shots:   432
Exp: 228740	FR: 4.320000	 Capture Time: 1.630000
SS:     233820	X:    0.230	BR:   94	Shots:   433
Exp: 231015	FR: 4.280000	 Capture Time: 1.640000
SS:     236348	X:    0.240	BR:   94	Shots:   434
Exp: 233778	FR: 4.230000	 Capture Time: 1.660000
SS:     238814	X:    0.240	BR:   94	Shots:   435
Exp: 236150	FR: 4.190000	 Capture Time: 1.670000
SS:     241291	X:    0.240	BR:   94	Shots:   436
Exp: 238816	FR: 4.140000	 Capture Time: 1.690000
SS:     243722	X:    0.240	BR:   94	Shots:   437
Exp: 241286	FR: 4.100000	 Capture Time: 1.700000
SS:     246387	X:    0.250	BR:   94	Shots:   438
Exp: 243593	FR: 4.060000	 Capture Time: 1.720000
SS:     248928	X:    0.250	BR:   94	Shots:   439
Exp: 246161	FR: 4.020000	 Capture Time: 1.730000
SS:     251699	X:    0.250	BR:   94	Shots:   440
Exp: 248794	FR: 3.970000	 Capture Time: 1.750000
SS:     254340	X:    0.250	BR:   94	Shots:   441
Exp: 251492	FR: 3.930000	 Capture Time: 1.570000
SS:     257162	X:    0.260	BR:   94	Shots:   442
Exp: 254254	FR: 3.890000	 Capture Time: 1.580000
SS:     259753	X:    0.260	BR:   94	Shots:   443
Exp: 257050	FR: 3.850000	 Capture Time: 1.560000
SS:     262572	X:    0.260	BR:   94	Shots:   444
Exp: 259682	FR: 3.810000	 Capture Time: 1.580000
SS:     265396	X:    0.270	BR:   94	Shots:   445
Exp: 262608	FR: 3.770000	 Capture Time: 1.570000
SS:     268287	X:    0.270	BR:   94	Shots:   446
Exp: 265338	FR: 3.730000	 Capture Time: 1.620000
SS:     271242	X:    0.270	BR:   94	Shots:   447
Exp: 268133	FR: 3.690000	 Capture Time: 1.630000
SS:     274159	X:    0.270	BR:   94	Shots:   448
Exp: 271254	FR: 3.650000	 Capture Time: 1.620000
SS:     276910	X:    0.280	BR:   94	Shots:   449
Exp: 274146	FR: 3.610000	 Capture Time: 1.630000
SS:     279650	X:    0.280	BR:   95	Shots:   450
Exp: 276844	FR: 3.580000	 Capture Time: 1.670000
SS:     282428	X:    0.280	BR:   95	Shots:   451
Exp: 279542	FR: 3.540000	 Capture Time: 1.680000
SS:     285228	X:    0.290	BR:   95	Shots:   452
Exp: 282337	FR: 3.510000	 Capture Time: 1.670000
SS:     288301	X:    0.290	BR:   94	Shots:   453
Exp: 285165	FR: 3.470000	 Capture Time: 1.680000
SS:     291453	X:    0.290	BR:   94	Shots:   454
Exp: 288383	FR: 3.430000	 Capture Time: 1.710000
SS:     294593	X:    0.290	BR:   94	Shots:   455
Exp: 291340	FR: 3.390000	 Capture Time: 1.720000
SS:     297614	X:    0.300	BR:   94	Shots:   456
Exp: 294363	FR: 3.360000	 Capture Time: 1.730000
SS:     300779	X:    0.300	BR:   94	Shots:   457
Exp: 297451	FR: 3.320000	 Capture Time: 1.740000
SS:     304020	X:    0.300	BR:   94	Shots:   458
Exp: 300604	FR: 3.290000	 Capture Time: 1.770000
SS:     307423	X:    0.310	BR:   94	Shots:   459
Exp: 303822	FR: 3.250000	 Capture Time: 1.780000
SS:     310846	X:    0.310	BR:   94	Shots:   460
Exp: 307462	FR: 3.220000	 Capture Time: 1.790000
SS:     314276	X:    0.310	BR:   94	Shots:   461
Exp: 310842	FR: 3.180000	 Capture Time: 1.810000
SS:     317512	X:    0.320	BR:   94	Shots:   462
Exp: 314255	FR: 3.150000	 Capture Time: 1.830000
SS:     321067	X:    0.320	BR:   94	Shots:   463
Exp: 317408	FR: 3.110000	 Capture Time: 1.840000
SS:     324693	X:    0.320	BR:   94	Shots:   464
Exp: 320983	FR: 3.080000	 Capture Time: 1.860000
SS:     328373	X:    0.330	BR:   94	Shots:   465
Exp: 324656	FR: 3.050000	 Capture Time: 1.880000
SS:     332069	X:    0.330	BR:   94	Shots:   466
Exp: 328394	FR: 3.010000	 Capture Time: 1.900000
SS:     335607	X:    0.340	BR:   94	Shots:   467
Exp: 332229	FR: 2.980000	 Capture Time: 1.920000
SS:     339264	X:    0.340	BR:   94	Shots:   468
Exp: 335739	FR: 2.950000	 Capture Time: 1.940000
SS:     343137	X:    0.340	BR:   94	Shots:   469
Exp: 339282	FR: 2.910000	 Capture Time: 1.950000
SS:     347095	X:    0.350	BR:   94	Shots:   470
Exp: 342923	FR: 2.880000	 Capture Time: 1.980000
SS:     351231	X:    0.350	BR:   94	Shots:   471
Exp: 347116	FR: 2.850000	 Capture Time: 2.000000
SS:     355367	X:    0.360	BR:   94	Shots:   472
Exp: 351406	FR: 2.810000	 Capture Time: 2.020000
SS:     359587	X:    0.360	BR:   94	Shots:   473
Exp: 355339	FR: 2.780000	 Capture Time: 2.040000
SS:     363908	X:    0.360	BR:   93	Shots:   474
Exp: 359824	FR: 2.750000	 Capture Time: 2.060000
SS:     368317	X:    0.370	BR:   93	Shots:   475
Exp: 363920	FR: 2.720000	 Capture Time: 2.080000
SS:     372595	X:    0.370	BR:   94	Shots:   476
Exp: 368112	FR: 2.680000	 Capture Time: 2.100000
SS:     377161	X:    0.380	BR:   93	Shots:   477
Exp: 372403	FR: 2.650000	 Capture Time: 2.130000
SS:     381648	X:    0.380	BR:   94	Shots:   478
Exp: 377343	FR: 2.620000	 Capture Time: 2.150000
SS:     386440	X:    0.390	BR:   93	Shots:   479
Exp: 381861	FR: 2.590000	 Capture Time: 2.170000
SS:     391076	X:    0.390	BR:   94	Shots:   480
Exp: 386477	FR: 2.560000	 Capture Time: 2.200000
SS:     395892	X:    0.400	BR:   93	Shots:   481
Exp: 391222	FR: 2.530000	 Capture Time: 2.220000
SS:     400783	X:    0.400	BR:   93	Shots:   482
Exp: 396065	FR: 2.500000	 Capture Time: 2.240000
SS:     405727	X:    0.410	BR:   93	Shots:   483
Exp: 401038	FR: 2.460000	 Capture Time: 2.270000
SS:     410829	X:    0.410	BR:   93	Shots:   484
Exp: 406141	FR: 2.430000	 Capture Time: 2.290000
SS:     415987	X:    0.420	BR:   93	Shots:   485
Exp: 410691	FR: 2.400000	 Capture Time: 2.320000
SS:     421351	X:    0.420	BR:   93	Shots:   486
Exp: 416022	FR: 2.370000	 Capture Time: 2.350000
SS:     426776	X:    0.430	BR:   93	Shots:   487
Exp: 421515	FR: 2.340000	 Capture Time: 2.380000
SS:     431938	X:    0.430	BR:   93	Shots:   488
Exp: 427170	FR: 2.320000	 Capture Time: 2.400000
SS:     437569	X:    0.440	BR:   93	Shots:   489
Exp: 432208	FR: 2.290000	 Capture Time: 2.430000
SS:     443291	X:    0.440	BR:   93	Shots:   490
Exp: 437376	FR: 2.260000	 Capture Time: 2.460000
SS:     449282	X:    0.450	BR:   93	Shots:   491
Exp: 443454	FR: 2.230000	 Capture Time: 2.490000
SS:     455399	X:    0.460	BR:   93	Shots:   492
Exp: 449695	FR: 2.200000	 Capture Time: 2.520000
SS:     461545	X:    0.460	BR:   93	Shots:   493
Exp: 455286	FR: 2.170000	 Capture Time: 2.550000
SS:     467802	X:    0.470	BR:   93	Shots:   494
Exp: 461884	FR: 2.140000	 Capture Time: 2.580000
SS:     474069	X:    0.470	BR:   93	Shots:   495
Exp: 467799	FR: 2.110000	 Capture Time: 2.610000
SS:     480543	X:    0.480	BR:   93	Shots:   496
Exp: 473845	FR: 2.080000	 Capture Time: 2.640000
SS:     486894	X:    0.490	BR:   93	Shots:   497
Exp: 480963	FR: 2.050000	 Capture Time: 2.680000
SS:     493280	X:    0.490	BR:   93	Shots:   498
Exp: 487398	FR: 2.030000	 Capture Time: 2.710000
SS:     499671	X:    0.500	BR:   93	Shots:   499
Exp: 493997	FR: 2.000000	 Capture Time: 2.740000
SS:     506345	X:    0.510	BR:   93	Shots:   500
Exp: 499782	FR: 1.970000	 Capture Time: 2.770000
SS:     513159	X:    0.510	BR:   93	Shots:   501
Exp: 506705	FR: 1.950000	 Capture Time: 2.810000
SS:     519910	X:    0.520	BR:   93	Shots:   502
Exp: 513823	FR: 1.920000	 Capture Time: 2.840000
SS:     526605	X:    0.530	BR:   93	Shots:   503
Exp: 520097	FR: 1.900000	 Capture Time: 2.870000
SS:     533607	X:    0.530	BR:   93	Shots:   504
Exp: 526532	FR: 1.870000	 Capture Time: 2.910000
SS:     540542	X:    0.540	BR:   93	Shots:   505
Exp: 534235	FR: 1.850000	 Capture Time: 2.940000
SS:     547783	X:    0.550	BR:   93	Shots:   506
Exp: 540996	FR: 1.830000	 Capture Time: 2.980000
SS:     555089	X:    0.560	BR:   93	Shots:   507
Exp: 547952	FR: 1.800000	 Capture Time: 3.010000
SS:     562326	X:    0.560	BR:   93	Shots:   508
Exp: 555102	FR: 1.780000	 Capture Time: 3.050000
SS:     569803	X:    0.570	BR:   93	Shots:   509
Exp: 562415	FR: 1.750000	 Capture Time: 3.090000
SS:     577380	X:    0.580	BR:   93	Shots:   510
Exp: 569924	FR: 1.730000	 Capture Time: 3.130000
SS:     584953	X:    0.590	BR:   93	Shots:   511
Exp: 577659	FR: 1.710000	 Capture Time: 3.170000
SS:     592544	X:    0.590	BR:   93	Shots:   512
Exp: 585590	FR: 1.690000	 Capture Time: 3.200000
SS:     600174	X:    0.600	BR:   93	Shots:   513
Exp: 592383	FR: 1.670000	 Capture Time: 3.240000
SS:     608058	X:    0.610	BR:   93	Shots:   514
Exp: 600704	FR: 1.640000	 Capture Time: 3.280000
SS:     616022	X:    0.620	BR:   93	Shots:   515
Exp: 607855	FR: 1.620000	 Capture Time: 3.320000
SS:     624164	X:    0.620	BR:   93	Shots:   516
Exp: 616630	FR: 1.600000	 Capture Time: 3.360000
SS:     631964	X:    0.630	BR:   93	Shots:   517
Exp: 624171	FR: 1.580000	 Capture Time: 3.400000
SS:     640279	X:    0.640	BR:   93	Shots:   518
Exp: 631874	FR: 1.560000	 Capture Time: 3.450000
SS:     648626	X:    0.650	BR:   93	Shots:   519
Exp: 641398	FR: 1.540000	 Capture Time: 3.490000
SS:     656343	X:    0.660	BR:   94	Shots:   520
Exp: 649523	FR: 1.520000	 Capture Time: 3.520000
SS:     664952	X:    0.670	BR:   93	Shots:   521
Exp: 656187	FR: 1.500000	 Capture Time: 3.570000
SS:     674166	X:    0.670	BR:   93	Shots:   522
Exp: 666458	FR: 1.480000	 Capture Time: 3.620000
SS:     683441	X:    0.680	BR:   93	Shots:   523
Exp: 675233	FR: 1.460000	 Capture Time: 3.660000
SS:     692857	X:    0.690	BR:   93	Shots:   524
Exp: 684269	FR: 1.440000	 Capture Time: 3.710000
SS:     701793	X:    0.700	BR:   93	Shots:   525
Exp: 693533	FR: 1.420000	 Capture Time: 3.750000
SS:     711434	X:    0.710	BR:   93	Shots:   526
Exp: 703056	FR: 1.410000	 Capture Time: 3.810000
SS:     721406	X:    0.720	BR:   92	Shots:   527
Exp: 712872	FR: 1.390000	 Capture Time: 3.860000
SS:     732499	X:    0.730	BR:   92	Shots:   528
Exp: 722948	FR: 1.370000	 Capture Time: 3.920000
SS:     745184	X:    0.750	BR:   91	Shots:   529
Exp: 733316	FR: 1.340000	 Capture Time: 3.970000
SS:     759146	X:    0.760	BR:   90	Shots:   530
Exp: 746155	FR: 1.320000	 Capture Time: 4.040000
SS:     773173	X:    0.770	BR:   90	Shots:   531
Exp: 759416	FR: 1.290000	 Capture Time: 4.110000
SS:     788448	X:    0.790	BR:   90	Shots:   532
Exp: 773197	FR: 1.270000	 Capture Time: 4.200000
SS:     804467	X:    0.810	BR:   89	Shots:   533
Exp: 789904	FR: 1.240000	 Capture Time: 4.270000
SS:     821294	X:    0.820	BR:   89	Shots:   534
Exp: 804823	FR: 1.220000	 Capture Time: 4.360000
SS:     839475	X:    0.840	BR:   88	Shots:   535
Exp: 822927	FR: 1.190000	 Capture Time: 4.450000
SS:     858293	X:    0.860	BR:   88	Shots:   536
Exp: 841876	FR: 1.170000	 Capture Time: 4.570000
SS:     878340	X:    0.880	BR:   88	Shots:   537
Exp: 858843	FR: 1.140000	 Capture Time: 4.650000
SS:     899681	X:    0.900	BR:   87	Shots:   538
Exp: 879515	FR: 1.110000	 Capture Time: 4.760000
SS:     922098	X:    0.920	BR:   87	Shots:   539
Exp: 901194	FR: 1.080000	 Capture Time: 4.850000
SS:     945074	X:    0.950	BR:   87	Shots:   540
Exp: 923979	FR: 1.060000	 Capture Time: 4.980000
SS:     969454	X:    0.970	BR:   87	Shots:   541
Exp: 947933	FR: 1.030000	 Capture Time: 5.090000
SS:     993920	X:    0.990	BR:   87	Shots:   542
Exp: 969483	FR: 1.010000	 Capture Time: 5.220000
SS:     999000	X:    1.000	BR:   87	Shots:   543
Exp: 995908	FR: 1.000000	 Capture Time: 5.240000
SS:     999000	X:    1.000	BR:   88	Shots:   544
Exp: 998996	FR: 1.000000	 Capture Time: 5.240000
SS:     999000	X:    1.000	BR:   87	Shots:   545
Exp: 998996	FR: 1.000000	 Capture Time: 5.240000
SS:     999000	X:    1.000	BR:   86	Shots:   546
Exp: 998996	FR: 1.000000	 Capture Time: 5.240000
SS:     999000	X:    1.000	BR:   84	Shots:   547
Exp: 998996	FR: 1.000000	 Capture Time: 5.240000
SS:     999000	X:    1.000	BR:   83	Shots:   548
Exp: 998996	FR: 1.000000	 Capture Time: 5.240000
SS:     999000	X:    1.000	BR:   82	Shots:   549
Exp: 998996	FR: 1.000000	 Capture Time: 5.240000
SS:     999000	X:    1.000	BR:   81	Shots:   550
Exp: 998996	FR: 1.000000	 Capture Time: 5.240000
SS:     999000	X:    1.000	BR:   80	Shots:   551
Exp: 998996	FR: 1.000000	 Capture Time: 5.240000
SS:     999000	X:    1.000	BR:   79	Shots:   552
Exp: 998996	FR: 1.000000	 Capture Time: 5.240000
SS:     999000	X:    1.000	BR:   78	Shots:   553
Exp: 998996	FR: 1.000000	 Capture Time: 5.240000
SS:     999000	X:    1.000	BR:   77	Shots:   554
Exp: 998996	FR: 1.000000	 Capture Time: 5.240000
SS:     999000	X:    1.000	BR:   77	Shots:   555
Exp: 998996	FR: 1.000000	 Capture Time: 5.240000
SS:     999000	X:    1.000	BR:   75	Shots:   556
Exp: 998996	FR: 1.000000	 Capture Time: 5.240000
SS:     999000	X:    1.000	BR:   74	Shots:   557
Exp: 998996	FR: 1.000000	 Capture Time: 5.240000
SS:     999000	X:    1.000	BR:   73	Shots:   558
Exp: 998996	FR: 1.000000	 Capture Time: 5.240000
SS:     999000	X:    1.000	BR:   73	Shots:   559
Exp: 998996	FR: 1.000000	 Capture Time: 5.240000
SS:     999000	X:    1.000	BR:   72	Shots:   560
Exp: 998996	FR: 1.000000	 Capture Time: 5.240000
SS:     999000	X:    1.000	BR:   71	Shots:   561
Exp: 998996	FR: 1.000000	 Capture Time: 5.240000
SS:     999000	X:    1.000	BR:   70	Shots:   562
Exp: 998996	FR: 1.000000	 Capture Time: 5.240000
SS:     999000	X:    1.000	BR:   69	Shots:   563
Exp: 998996	FR: 1.000000	 Capture Time: 5.240000
SS:     999000	X:    1.000	BR:   68	Shots:   564
Exp: 998996	FR: 1.000000	 Capture Time: 5.240000
SS:     999000	X:    1.000	BR:   67	Shots:   565
Exp: 998996	FR: 1.000000	 Capture Time: 5.240000
SS:     999000	X:    1.000	BR:   66	Shots:   566
Exp: 998996	FR: 1.000000	 Capture Time: 5.240000
SS:     999000	X:    1.000	BR:   65	Shots:   567
Exp: 998996	FR: 1.000000	 Capture Time: 5.240000
SS:     999000	X:    1.000	BR:   64	Shots:   568
Exp: 998996	FR: 1.000000	 Capture Time: 5.240000
SS:     999000	X:    1.000	BR:   64	Shots:   569
Exp: 998996	FR: 1.000000	 Capture Time: 5.240000
SS:     999000	X:    1.000	BR:   62	Shots:   570
Exp: 998996	FR: 1.000000	 Capture Time: 5.240000
SS:     999000	X:    1.000	BR:   62	Shots:   571
Exp: 998996	FR: 1.000000	 Capture Time: 5.240000
SS:     999000	X:    1.000	BR:   61	Shots:   572
Exp: 998996	FR: 1.000000	 Capture Time: 5.240000
SS:     999000	X:    1.000	BR:   61	Shots:   573
Exp: 998996	FR: 1.000000	 Capture Time: 5.240000
SS:     999000	X:    1.000	BR:   59	Shots:   574
Exp: 998996	FR: 1.000000	 Capture Time: 5.240000
SS:     999000	X:    1.000	BR:   59	Shots:   575
Exp: 998996	FR: 1.000000	 Capture Time: 5.240000
SS:     999000	X:    1.000	BR:   58	Shots:   576
Exp: 998996	FR: 1.000000	 Capture Time: 5.240000
SS:     999000	X:    1.000	BR:   56	Shots:   577
Exp: 998996	FR: 1.000000	 Capture Time: 5.240000
SS:     999000	X:    1.000	BR:   56	Shots:   578
Exp: 998996	FR: 1.000000	 Capture Time: 5.240000
SS:     999000	X:    1.000	BR:   55	Shots:   579
Exp: 998996	FR: 1.000000	 Capture Time: 5.240000
SS:     999000	X:    1.000	BR:   54	Shots:   580
Exp: 998996	FR: 1.000000	 Capture Time: 5.240000
SS:     999000	X:    1.000	BR:   53	Shots:   581
Exp: 998996	FR: 1.000000	 Capture Time: 5.240000
SS:     999000	X:    1.000	BR:   52	Shots:   582
Exp: 998996	FR: 1.000000	 Capture Time: 5.240000
SS:     999000	X:    1.000	BR:   52	Shots:   583
Exp: 998996	FR: 1.000000	 Capture Time: 5.240000
SS:     999000	X:    1.000	BR:   51	Shots:   584
Exp: 998996	FR: 1.000000	 Capture Time: 5.240000
SS:     999000	X:    1.000	BR:   50	Shots:   585
Exp: 998996	FR: 1.000000	 Capture Time: 5.240000
SS:     999000	X:    1.000	BR:   50	Shots:   586
Exp: 998996	FR: 1.000000	 Capture Time: 5.240000
SS:     999000	X:    1.000	BR:   48	Shots:   587
Exp: 998996	FR: 1.000000	 Capture Time: 5.240000
SS:     999000	X:    1.000	BR:   48	Shots:   588
Exp: 998996	FR: 1.000000	 Capture Time: 5.240000
SS:     999000	X:    1.000	BR:   46	Shots:   589
Exp: 998996	FR: 1.000000	 Capture Time: 5.240000
SS:     999000	X:    1.000	BR:   46	Shots:   590
Exp: 998996	FR: 1.000000	 Capture Time: 5.240000
SS:     999000	X:    1.000	BR:   45	Shots:   591
Exp: 998996	FR: 1.000000	 Capture Time: 5.240000
SS:     999000	X:    1.000	BR:   44	Shots:   592
Exp: 998996	FR: 1.000000	 Capture Time: 5.240000
SS:     999000	X:    1.000	BR:   43	Shots:   593
Exp: 998996	FR: 1.000000	 Capture Time: 5.240000
SS:     999000	X:    1.000	BR:   43	Shots:   594
Exp: 998996	FR: 1.000000	 Capture Time: 5.240000
SS:     999000	X:    1.000	BR:   42	Shots:   595
Exp: 998996	FR: 1.000000	 Capture Time: 5.240000
SS:     999000	X:    1.000	BR:   42	Shots:   596
Exp: 998996	FR: 1.000000	 Capture Time: 5.240000
SS:     999000	X:    1.000	BR:   40	Shots:   597
Exp: 998996	FR: 1.000000	 Capture Time: 5.240000
SS:     999000	X:    1.000	BR:   39	Shots:   598
Exp: 998996	FR: 1.000000	 Capture Time: 5.240000
SS:     999000	X:    1.000	BR:   39	Shots:   599
Exp: 998996	FR: 1.000000	 Capture Time: 5.240000
SS:     999000	X:    1.000	BR:   38	Shots:   600
Exp: 998996	FR: 1.000000	 Capture Time: 5.240000
SS:     999000	X:    1.000	BR:   37	Shots:   601
Exp: 998996	FR: 1.000000	 Capture Time: 5.240000
SS:     999000	X:    1.000	BR:   36	Shots:   602
Exp: 998996	FR: 1.000000	 Capture Time: 5.240000
SS:     999000	X:    1.000	BR:   35	Shots:   603
Exp: 998996	FR: 1.000000	 Capture Time: 5.240000
SS:     999000	X:    1.000	BR:   34	Shots:   604
Exp: 998996	FR: 1.000000	 Capture Time: 5.240000
SS:     999000	X:    1.000	BR:   34	Shots:   605
Exp: 998996	FR: 1.000000	 Capture Time: 5.240000
SS:     999000	X:    1.000	BR:   33	Shots:   606
Exp: 998996	FR: 1.000000	 Capture Time: 5.240000
SS:     999000	X:    1.000	BR:   32	Shots:   607
Exp: 998996	FR: 1.000000	 Capture Time: 5.240000
SS:     999000	X:    1.000	BR:   31	Shots:   608
Exp: 998996	FR: 1.000000	 Capture Time: 5.240000
SS:     999000	X:    1.000	BR:   31	Shots:   609
Exp: 998996	FR: 1.000000	 Capture Time: 5.240000
SS:     999000	X:    1.000	BR:   30	Shots:   610
Exp: 998996	FR: 1.000000	 Capture Time: 5.240000
SS:     999000	X:    1.000	BR:   30	Shots:   611
Exp: 998996	FR: 1.000000	 Capture Time: 5.240000
SS:     999000	X:    1.000	BR:   29	Shots:   612
Exp: 998996	FR: 1.000000	 Capture Time: 5.240000
SS:     999000	X:    1.000	BR:   28	Shots:   613
Exp: 998996	FR: 1.000000	 Capture Time: 5.240000
SS:     999000	X:    1.000	BR:   27	Shots:   614
Exp: 998996	FR: 1.000000	 Capture Time: 5.240000
SS:     999000	X:    1.000	BR:   26	Shots:   615
Exp: 998996	FR: 1.000000	 Capture Time: 5.240000
SS:     999000	X:    1.000	BR:   25	Shots:   616
Exp: 998996	FR: 1.000000	 Capture Time: 5.240000
SS:     999000	X:    1.000	BR:   25	Shots:   617
Exp: 998996	FR: 1.000000	 Capture Time: 5.240000
SS:     999000	X:    1.000	BR:   25	Shots:   618
Exp: 998996	FR: 1.000000	 Capture Time: 5.240000
SS:     999000	X:    1.000	BR:   23	Shots:   619
Exp: 998996	FR: 1.000000	 Capture Time: 5.240000
SS:     999000	X:    1.000	BR:   23	Shots:   620
Exp: 998996	FR: 1.000000	 Capture Time: 5.240000
SS:     999000	X:    1.000	BR:   22	Shots:   621
Exp: 998996	FR: 1.000000	 Capture Time: 5.240000
SS:     999000	X:    1.000	BR:   21	Shots:   622
Exp: 998996	FR: 1.000000	 Capture Time: 5.240000
SS:     999000	X:    1.000	BR:   21	Shots:   623
Exp: 998996	FR: 1.000000	 Capture Time: 5.240000
SS:     999000	X:    1.000	BR:   20	Shots:   624
Exp: 998996	FR: 1.000000	 Capture Time: 5.240000
SS:     999000	X:    1.000	BR:   20	Shots:   625
Exp: 998996	FR: 1.000000	 Capture Time: 5.240000
SS:     999000	X:    1.000	BR:   19	Shots:   626
Exp: 998996	FR: 1.000000	 Capture Time: 5.240000
SS:     999000	X:    1.000	BR:   18	Shots:   627
Exp: 998996	FR: 1.000000	 Capture Time: 5.240000
SS:     999000	X:    1.000	BR:   18	Shots:   628
Exp: 998996	FR: 1.000000	 Capture Time: 5.240000
SS:     999000	X:    1.000	BR:   18	Shots:   629
Exp: 998996	FR: 1.000000	 Capture Time: 5.240000
SS:     999000	X:    1.000	BR:   17	Shots:   630
Exp: 998996	FR: 1.000000	 Capture Time: 5.240000
SS:     999000	X:    1.000	BR:   17	Shots:   631
Exp: 998996	FR: 1.000000	 Capture Time: 5.240000
SS:     999000	X:    1.000	BR:   15	Shots:   632
Exp: 998996	FR: 1.000000	 Capture Time: 5.240000
SS:     999000	X:    1.000	BR:   15	Shots:   633
Exp: 998996	FR: 1.000000	 Capture Time: 5.240000
SS:     999000	X:    1.000	BR:   15	Shots:   634
Exp: 998996	FR: 1.000000	 Capture Time: 5.240000
SS:     999000	X:    1.000	BR:   14	Shots:   635
Exp: 998996	FR: 1.000000	 Capture Time: 5.240000
SS:     999000	X:    1.000	BR:   15	Shots:   636
Exp: 998996	FR: 1.000000	 Capture Time: 5.240000
SS:     999000	X:    1.000	BR:   13	Shots:   637
Exp: 998996	FR: 1.000000	 Capture Time: 5.240000
SS:     999000	X:    1.000	BR:   12	Shots:   638
Exp: 998996	FR: 1.000000	 Capture Time: 5.240000
SS:     999000	X:    1.000	BR:   13	Shots:   639
Exp: 998996	FR: 1.000000	 Capture Time: 5.240000
SS:     999000	X:    1.000	BR:   12	Shots:   640
Exp: 998996	FR: 1.000000	 Capture Time: 5.240000
SS:     999000	X:    1.000	BR:   11	Shots:   641
Exp: 998996	FR: 1.000000	 Capture Time: 5.240000
SS:     999000	X:    1.000	BR:   11	Shots:   642
Exp: 998996	FR: 1.000000	 Capture Time: 5.240000
SS:     999000	X:    1.000	BR:   11	Shots:   643
Exp: 998996	FR: 1.000000	 Capture Time: 5.240000
SS:     999000	X:    1.000	BR:   10	Shots:   644
Exp: 998996	FR: 1.000000	 Capture Time: 5.240000
SS:     999000	X:    1.000	BR:   10	Shots:   645
Exp: 998996	FR: 1.000000	 Capture Time: 5.240000
SS:     999000	X:    1.000	BR:   10	Shots:   646
Exp: 998996	FR: 1.000000	 Capture Time: 5.240000
SS:     999000	X:    1.000	BR:   10	Shots:   647
Exp: 998996	FR: 1.000000	 Capture Time: 5.240000
SS:     999000	X:    1.000	BR:    9	Shots:   648
Exp: 998996	FR: 1.000000	 Capture Time: 5.240000
SS:     999000	X:    1.000	BR:    8	Shots:   649
Exp: 998996	FR: 1.000000	 Capture Time: 5.240000
SS:     999000	X:    1.000	BR:    9	Shots:   650
Exp: 998996	FR: 1.000000	 Capture Time: 5.240000
SS:     999000	X:    1.000	BR:    8	Shots:   651
Exp: 998996	FR: 1.000000	 Capture Time: 5.240000
SS:     999000	X:    1.000	BR:    8	Shots:   652
Exp: 998996	FR: 1.000000	 Capture Time: 5.240000
SS:     999000	X:    1.000	BR:    7	Shots:   653
Exp: 998996	FR: 1.000000	 Capture Time: 5.240000
SS:     999000	X:    1.000	BR:    7	Shots:   654
Exp: 998996	FR: 1.000000	 Capture Time: 5.240000
SS:     999000	X:    1.000	BR:    7	Shots:   655
Exp: 998996	FR: 1.000000	 Capture Time: 5.240000
SS:     999000	X:    1.000	BR:    7	Shots:   656
Exp: 998996	FR: 1.000000	 Capture Time: 5.240000
SS:     999000	X:    1.000	BR:    6	Shots:   657
Exp: 998996	FR: 1.000000	 Capture Time: 5.240000
SS:     999000	X:    1.000	BR:    6	Shots:   658
Exp: 998996	FR: 1.000000	 Capture Time: 5.240000
SS:     999000	X:    1.000	BR:    6	Shots:   659
Exp: 998996	FR: 1.000000	 Capture Time: 5.240000
SS:     999000	X:    1.000	BR:    6	Shots:   660
Exp: 998996	FR: 1.000000	 Capture Time: 5.240000
SS:     999000	X:    1.000	BR:    6	Shots:   661
Exp: 998996	FR: 1.000000	 Capture Time: 5.240000
SS:     999000	X:    1.000	BR:    5	Shots:   662
Exp: 998996	FR: 1.000000	 Capture Time: 5.240000
SS:     999000	X:    1.000	BR:    5	Shots:   663
Exp: 998996	FR: 1.000000	 Capture Time: 5.240000
SS:     999000	X:    1.000	BR:    5	Shots:   664
Exp: 998996	FR: 1.000000	 Capture Time: 5.240000
SS:     999000	X:    1.000	BR:    5	Shots:   665
Exp: 998996	FR: 1.000000	 Capture Time: 5.240000
SS:     999000	X:    1.000	BR:    5	Shots:   666
Exp: 998996	FR: 1.000000	 Capture Time: 5.240000
SS:     999000	X:    1.000	BR:    5	Shots:   667
Exp: 998996	FR: 1.000000	 Capture Time: 5.240000
SS:     999000	X:    1.000	BR:    4	Shots:   668
Exp: 998996	FR: 1.000000	 Capture Time: 5.240000
SS:     999000	X:    1.000	BR:    4	Shots:   669
Exp: 998996	FR: 1.000000	 Capture Time: 5.240000
SS:     999000	X:    1.000	BR:    4	Shots:   670
Exp: 998996	FR: 1.000000	 Capture Time: 5.240000
SS:     999000	X:    1.000	BR:    4	Shots:   671
Exp: 998996	FR: 1.000000	 Capture Time: 5.240000
SS:     999000	X:    1.000	BR:    4	Shots:   672
Exp: 998996	FR: 1.000000	 Capture Time: 5.240000
SS:     999000	X:    1.000	BR:    4	Shots:   673
Exp: 998996	FR: 1.000000	 Capture Time: 5.240000
SS:     999000	X:    1.000	BR:    3	Shots:   674
Exp: 998996	FR: 1.000000	 Capture Time: 5.240000
SS:     999000	X:    1.000	BR:    3	Shots:   675
Exp: 998996	FR: 1.000000	 Capture Time: 5.240000
SS:     999000	X:    1.000	BR:    3	Shots:   676
Exp: 998996	FR: 1.000000	 Capture Time: 5.240000
SS:     999000	X:    1.000	BR:    3	Shots:   677
Exp: 998996	FR: 1.000000	 Capture Time: 5.240000
SS:     999000	X:    1.000	BR:    3	Shots:   678
Exp: 998996	FR: 1.000000	 Capture Time: 5.240000
SS:     999000	X:    1.000	BR:    2	Shots:   679
Exp: 998996	FR: 1.000000	 Capture Time: 5.240000
SS:     999000	X:    1.000	BR:    3	Shots:   680
Exp: 998996	FR: 1.000000	 Capture Time: 5.240000
SS:     999000	X:    1.000	BR:    3	Shots:   681
Exp: 998996	FR: 1.000000	 Capture Time: 5.240000
SS:     999000	X:    1.000	BR:    2	Shots:   682
Exp: 998996	FR: 1.000000	 Capture Time: 5.240000
SS:     999000	X:    1.000	BR:    2	Shots:   683
Exp: 998996	FR: 1.000000	 Capture Time: 5.240000
SS:     999000	X:    1.000	BR:    2	Shots:   684
Exp: 998996	FR: 1.000000	 Capture Time: 5.240000
SS:     999000	X:    1.000	BR:    2	Shots:   685
Exp: 998996	FR: 1.000000	 Capture Time: 5.240000
SS:     999000	X:    1.000	BR:    2	Shots:   686
Exp: 998996	FR: 1.000000	 Capture Time: 5.240000
SS:     999000	X:    1.000	BR:    2	Shots:   687
Exp: 998996	FR: 1.000000	 Capture Time: 5.240000
SS:     999000	X:    1.000	BR:    2	Shots:   688
Exp: 998996	FR: 1.000000	 Capture Time: 5.240000
SS:     999000	X:    1.000	BR:    2	Shots:   689
Exp: 998996	FR: 1.000000	 Capture Time: 5.240000
SS:     999000	X:    1.000	BR:    1	Shots:   690
Exp: 998996	FR: 1.000000	 Capture Time: 5.240000
SS:     999000	X:    1.000	BR:    1	Shots:   691
Exp: 998996	FR: 1.000000	 Capture Time: 5.240000
SS:     999000	X:    1.000	BR:    1	Shots:   692
Exp: 998996	FR: 1.000000	 Capture Time: 5.240000
SS:     999000	X:    1.000	BR:    1	Shots:   693
Exp: 998996	FR: 1.000000	 Capture Time: 5.240000
SS:     999000	X:    1.000	BR:    1	Shots:   694
Exp: 998996	FR: 1.000000	 Capture Time: 5.240000
SS:     999000	X:    1.000	BR:    1	Shots:   695
Exp: 998996	FR: 1.000000	 Capture Time: 5.240000
SS:     999000	X:    1.000	BR:    1	Shots:   696
Exp: 998996	FR: 1.000000	 Capture Time: 5.240000
SS:     999000	X:    1.000	BR:    1	Shots:   697
Exp: 998996	FR: 1.000000	 Capture Time: 5.240000
SS:     999000	X:    1.000	BR:    1	Shots:   698
Exp: 998996	FR: 1.000000	 Capture Time: 5.240000
SS:     999000	X:    1.000	BR:    1	Shots:   699
Exp: 998996	FR: 1.000000	 Capture Time: 5.240000
SS:     999000	X:    1.000	BR:    1	Shots:   700
Exp: 998996	FR: 1.000000	 Capture Time: 5.240000
SS:     999000	X:    1.000	BR:    1	Shots:   701
Exp: 998996	FR: 1.000000	 Capture Time: 5.240000
SS:     999000	X:    1.000	BR:    1	Shots:   702
Exp: 998996	FR: 1.000000	 Capture Time: 5.240000
SS:     999000	X:    1.000	BR:    0	Shots:   703
Exp: 998996	FR: 1.000000	 Capture Time: 5.240000
SS:     999000	X:    1.000	BR:    0	Shots:   704
Exp: 998996	FR: 1.000000	 Capture Time: 5.240000
SS:     999000	X:    1.000	BR:    1	Shots:   705
Exp: 998996	FR: 1.000000	 Capture Time: 5.240000
SS:     999000	X:    1.000	BR:    0	Shots:   706
Exp: 998996	FR: 1.000000	 Capture Time: 5.240000
SS:     999000	X:    1.000	BR:    1	Shots:   707
Exp: 998996	FR: 1.000000	 Capture Time: 5.240000
SS:     999000	X:    1.000	BR:    1	Shots:   708
Exp: 998996	FR: 1.000000	 Capture Time: 5.240000
SS:     999000	X:    1.000	BR:    0	Shots:   709
Exp: 998996	FR: 1.000000	 Capture Time: 5.240000
SS:     999000	X:    1.000	BR:    1	Shots:   710
Exp: 998996	FR: 1.000000	 Capture Time: 5.240000
SS:     999000	X:    1.000	BR:    0	Shots:   711
Exp: 998996	FR: 1.000000	 Capture Time: 5.240000
SS:     999000	X:    1.000	BR:    0	Shots:   712
Exp: 998996	FR: 1.000000	 Capture Time: 5.240000
SS:     999000	X:    1.000	BR:    0	Shots:   713
Exp: 998996	FR: 1.000000	 Capture Time: 5.240000
SS:     999000	X:    1.000	BR:    0	Shots:   714
Exp: 998996	FR: 1.000000	 Capture Time: 5.240000
SS:     999000	X:    1.000	BR:    0	Shots:   715
Exp: 998996	FR: 1.000000	 Capture Time: 5.240000
SS:     999000	X:    1.000	BR:    0	Shots:   716
Exp: 998996	FR: 1.000000	 Capture Time: 5.240000
SS:     999000	X:    1.000	BR:    0	Shots:   717
Exp: 998996	FR: 1.000000	 Capture Time: 5.240000
SS:     999000	X:    1.000	BR:    0	Shots:   718
Exp: 998996	FR: 1.000000	 Capture Time: 5.240000
SS:     999000	X:    1.000	BR:    0	Shots:   719
Exp: 998996	FR: 1.000000	 Capture Time: 5.240000
SS:     999000	X:    1.000	BR:    0	Shots:   720
Traceback (most recent call last):
  File "timelapse.py", line 8, in <module>
    import zmq
  File "/usr/lib/python2.7/dist-packages/zmq/__init__.py", line 34, in <module>
    from zmq import backend
  File "/usr/lib/python2.7/dist-packages/zmq/backend/__init__.py", line 27, in <module>
    _ns = select_backend(first)
  File "/usr/lib/python2.7/dist-packages/zmq/backend/select.py", line 26, in select_backend
    mod = __import__(name, fromlist=public_api)
  File "/usr/lib/python2.7/dist-packages/zmq/backend/cython/__init__.py", line 6, in <module>
    from . import (constants, error, message, context,
  File "zmq/backend/cython/error.pyx", line 32, in init zmq.backend.cython.error (zmq/backend/cython/error.c:1237)
  File "/usr/lib/python2.7/dist-packages/zmq/utils/__init__.py", line 1, in <module>
    
KeyboardInterrupt
